# JRE version: OpenJDK Runtime Environment Temurin-17.0.19+10 (17.0.19+10) (build 17.0.19+10)
# Java VM: OpenJDK 64-Bit Server VM Temurin-17.0.19+10 (17.0.19+10, mixed mode, sharing, tiered, compressed oops, compressed class ptrs, g1 gc, windows-amd64)
GC Precious Log:
 CPUs: 4 total, 4 available
 Memory: 3521M
 Large Page Support: Disabled
 NUMA Support: Disabled
 Compressed Oops: Enabled (32-bit)
 Heap Region Size: 1M
 Heap Min Capacity: 8M
 Heap Initial Capacity: 56M
 Heap Max Capacity: 882M
 Pre-touch: Disabled
 Parallel Workers: 4
 Concurrent Workers: 1
 Concurrent Refinement Workers: 4
 Periodic GC: Disabled
Heap:
 garbage-first heap   total 51200K, used 28112K [0x00000000c8e00000, 0x0000000100000000)
  region size 1024K, 13 young (13312K), 2 survivors (2048K)
 Metaspace       used 30071K, committed 30464K, reserved 1114112K
  class space    used 4030K, committed 4224K, reserved 1048576K
GC Heap History (16 events):
Event: 2.023 GC heap before
{Heap before GC invocations=0 (full 0):
 garbage-first heap   total 57344K, used 15360K [0x00000000c8e00000, 0x0000000100000000)
  region size 1024K, 13 young (13312K), 0 survivors (0K)
 Metaspace       used 2864K, committed 3008K, reserved 1114112K
  class space    used 304K, committed 384K, reserved 1048576K
}
Event: 2.031 GC heap after
{Heap after GC invocations=1 (full 0):
 garbage-first heap   total 57344K, used 7280K [0x00000000c8e00000, 0x0000000100000000)
  region size 1024K, 2 young (2048K), 2 survivors (2048K)
 Metaspace       used 2864K, committed 3008K, reserved 1114112K
  class space    used 304K, committed 384K, reserved 1048576K
}
Event: 3.156 GC heap before
{Heap before GC invocations=1 (full 0):
 garbage-first heap   total 57344K, used 17520K [0x00000000c8e00000, 0x0000000100000000)
  region size 1024K, 13 young (13312K), 2 survivors (2048K)
 Metaspace       used 5608K, committed 5824K, reserved 1114112K
  class space    used 655K, committed 768K, reserved 1048576K
}
Event: 3.164 GC heap after
{Heap after GC invocations=2 (full 0):
 garbage-first heap   total 57344K, used 8542K [0x00000000c8e00000, 0x0000000100000000)
  region size 1024K, 2 young (2048K), 2 survivors (2048K)
 Metaspace       used 5608K, committed 5824K, reserved 1114112K
  class space    used 655K, committed 768K, reserved 1048576K
}
Event: 5.355 GC heap before
{Heap before GC invocations=2 (full 0):
 garbage-first heap   total 57344K, used 25950K [0x00000000c8e00000, 0x0000000100000000)
  region size 1024K, 19 young (19456K), 2 survivors (2048K)
 Metaspace       used 9802K, committed 10048K, reserved 1114112K
  class space    used 1271K, committed 1408K, reserved 1048576K
}
Event: 5.363 GC heap after
{Heap after GC invocations=3 (full 0):
 garbage-first heap   total 57344K, used 10064K [0x00000000c8e00000, 0x0000000100000000)
  region size 1024K, 3 young (3072K), 3 survivors (3072K)
 Metaspace       used 9802K, committed 10048K, reserved 1114112K
  class space    used 1271K, committed 1408K, reserved 1048576K
}
Event: 9.714 GC heap before
{Heap before GC invocations=3 (full 0):
 garbage-first heap   total 57344K, used 34640K [0x00000000c8e00000, 0x0000000100000000)
  region size 1024K, 27 young (27648K), 3 survivors (3072K)
 Metaspace       used 15608K, committed 15936K, reserved 1114112K
  class space    used 2095K, committed 2240K, reserved 1048576K
}
Event: 9.728 GC heap after
{Heap after GC invocations=4 (full 0):
 garbage-first heap   total 57344K, used 11904K [0x00000000c8e00000, 0x0000000100000000)
  region size 1024K, 4 young (4096K), 4 survivors (4096K)
 Metaspace       used 15608K, committed 15936K, reserved 1114112K
  class space    used 2095K, committed 2240K, reserved 1048576K
}
Event: 11.037 GC heap before
{Heap before GC invocations=4 (full 0):
 garbage-first heap   total 57344K, used 33408K [0x00000000c8e00000, 0x0000000100000000)
  region size 1024K, 27 young (27648K), 4 survivors (4096K)
 Metaspace       used 21094K, committed 21504K, reserved 1114112K
  class space    used 2816K, committed 3008K, reserved 1048576K
}
Event: 11.046 GC heap after
{Heap after GC invocations=5 (full 0):
 garbage-first heap   total 57344K, used 13897K [0x00000000c8e00000, 0x0000000100000000)
  region size 1024K, 4 young (4096K), 4 survivors (4096K)
 Metaspace       used 21094K, committed 21504K, reserved 1114112K
  class space    used 2816K, committed 3008K, reserved 1048576K
}
Event: 18.988 GC heap before
{Heap before GC invocations=6 (full 0):
 garbage-first heap   total 51200K, used 40521K [0x00000000c8e00000, 0x0000000100000000)
  region size 1024K, 30 young (30720K), 4 survivors (4096K)
 Metaspace       used 25383K, committed 25856K, reserved 1114112K
  class space    used 3354K, committed 3584K, reserved 1048576K
}
Event: 19.008 GC heap after
{Heap after GC invocations=7 (full 0):
 garbage-first heap   total 51200K, used 16321K [0x00000000c8e00000, 0x0000000100000000)
  region size 1024K, 4 young (4096K), 4 survivors (4096K)
 Metaspace       used 25383K, committed 25856K, reserved 1114112K
  class space    used 3354K, committed 3584K, reserved 1048576K
}
Event: 19.073 GC heap before
{Heap before GC invocations=7 (full 0):
 garbage-first heap   total 51200K, used 17345K [0x00000000c8e00000, 0x0000000100000000)
  region size 1024K, 5 young (5120K), 4 survivors (4096K)
 Metaspace       used 25421K, committed 25920K, reserved 1114112K
  class space    used 3355K, committed 3584K, reserved 1048576K
}
Event: 19.087 GC heap after
{Heap after GC invocations=8 (full 0):
 garbage-first heap   total 51200K, used 17102K [0x00000000c8e00000, 0x0000000100000000)
  region size 1024K, 1 young (1024K), 1 survivors (1024K)
 Metaspace       used 25421K, committed 25920K, reserved 1114112K
  class space    used 3355K, committed 3584K, reserved 1048576K
}
Event: 21.428 GC heap before
{Heap before GC invocations=8 (full 0):
 garbage-first heap   total 51200K, used 36558K [0x00000000c8e00000, 0x0000000100000000)
  region size 1024K, 20 young (20480K), 1 survivors (1024K)
 Metaspace       used 28193K, committed 28672K, reserved 1114112K
  class space    used 3736K, committed 3968K, reserved 1048576K
}
Event: 21.436 GC heap after
{Heap after GC invocations=9 (full 0):
 garbage-first heap   total 51200K, used 17872K [0x00000000c8e00000, 0x0000000100000000)
  region size 1024K, 2 young (2048K), 2 survivors (2048K)
 Metaspace       used 28193K, committed 28672K, reserved 1114112K
  class space    used 3736K, committed 3968K, reserved 1048576K
}

